TN:
SF:script/DeployToken.s.sol
DA:10,0
FN:10,DeployToken.run
FNDA:0,DeployToken.run
DA:11,0
DA:12,0
DA:13,0
FNF:1
FNH:0
LF:4
LH:0
BRF:0
BRH:0
end_of_record
TN:
SF:src/ERC-20 Token.sol
DA:25,24
FN:25,MyToken.constructor
FNDA:24,MyToken.constructor
DA:26,24
DA:27,24
DA:28,24
DA:29,24
DA:30,24
DA:33,30
FN:33,MyToken.transfer
FNDA:30,MyToken.transfer
DA:34,29
BRDA:34,0,0,1
DA:35,1
DA:37,28
BRDA:37,1,0,1
DA:38,1
DA:40,27
DA:41,27
DA:42,27
DA:43,27
DA:46,4
FN:46,MyToken.approve
FNDA:4,MyToken.approve
DA:47,3
DA:48,3
DA:49,3
DA:52,1
FN:52,MyToken.allowance
FNDA:1,MyToken.allowance
DA:53,1
DA:56,4
FN:56,MyToken.transferFrom
FNDA:4,MyToken.transferFrom
DA:57,3
BRDA:57,2,0,1
DA:58,1
DA:60,2
BRDA:60,3,0,1
DA:61,1
DA:64,1
DA:65,1
DA:66,1
DA:68,1
DA:69,1
DA:72,3
FN:72,MyToken.mint
FNDA:3,MyToken.mint
DA:73,2
BRDA:73,4,0,1
DA:74,1
DA:76,1
DA:77,1
DA:78,1
DA:81,2
FN:81,MyToken.burn
FNDA:2,MyToken.burn
DA:82,2
BRDA:82,5,0,1
DA:83,1
DA:85,1
DA:86,1
DA:87,1
DA:90,14
FN:90,MyToken.balanceOf
FNDA:14,MyToken.balanceOf
DA:91,14
FNF:8
FNH:8
LF:45
LH:45
BRF:6
BRH:6
end_of_record
TN:
SF:src/Ownable.sol
DA:12,24
FN:12,Ownable.constructor
FNDA:24,Ownable.constructor
DA:13,24
DA:16,2
FN:16,Ownable.owner
FNDA:2,Ownable.owner
DA:17,2
DA:20,5
FN:20,Ownable.onlyOwner
FNDA:5,Ownable.onlyOwner
DA:21,5
BRDA:21,0,0,1
DA:22,1
DA:27,2
FN:27,Ownable.transferOwnership
FNDA:2,Ownable.transferOwnership
DA:28,2
BRDA:28,1,0,1
DA:29,1
DA:31,1
DA:32,1
DA:35,1
FN:35,Ownable.renounceOwnership
FNDA:1,Ownable.renounceOwnership
DA:36,1
DA:37,1
FNF:5
FNH:5
LF:15
LH:15
BRF:2
BRH:2
end_of_record
TN:
SF:src/Pausable.sol
DA:15,24
FN:15,Pausable.constructor
FNDA:24,Pausable.constructor
DA:16,24
DA:19,3
FN:19,Pausable.paused
FNDA:3,Pausable.paused
DA:20,3
DA:23,4
FN:23,Pausable.whenPaused
FNDA:4,Pausable.whenPaused
DA:24,4
BRDA:24,0,0,1
DA:25,1
DA:30,4
FN:30,Pausable.whenNotPaused
FNDA:4,Pausable.whenNotPaused
DA:31,1
BRDA:31,1,0,1
DA:32,1
DA:37,9
FN:37,Pausable.pause
FNDA:9,Pausable.pause
DA:38,7
DA:39,7
DA:42,5
FN:42,Pausable.unpause
FNDA:5,Pausable.unpause
DA:43,3
DA:44,3
FNF:6
FNH:6
LF:16
LH:16
BRF:2
BRH:2
end_of_record
